# ...
pr: BESTCODE MTX NR NC NNZ NRHS TYPE SYM TRANS NT AT-NT AT-MKL-NT BPNZ AT-BPNZ NSUBM AT-SUBM RSBBEST-MFLOPS OPTIME MKL-OPTIME AT-OPTIME AT-MKL-OPTIME AT-TIME RWminBW-GBps CB-bpf AT-MS CMFLOPS
pr:    1:m_m  check1-mtx-000 49152 49152 2113536 1 Z G N  4  4  4 2.3721 2.2791 22 10 14577.29 1.274e-03 9.980e-04 1.160e-03 9.980e-04 2.345e-01 3.53e+01 2.38e+00 3 1.69e+01
pr:    2:R_R  check1-mtx-000 49152 49152 2113536 1 Z G T  4  4  4 2.3721 2.3024 22 13 15682.99 1.156e-03 1.381e-03 1.078e-03 1.381e-03 2.157e-01 3.81e+01 2.38e+00 2 1.69e+01
pr:    3:m_m  check1-mtx-000 49152 49152 2113536 1 C G N  4  4  4 2.3721 2.3024 22 13 17043.62 1.079e-03 5.229e-04 9.921e-04 5.229e-04 1.949e-01 2.31e+01 1.33e+00 2 1.69e+01
pr:    4:R_R  check1-mtx-000 49152 49152 2113536 1 C G T  4  4  4 2.3721 2.3024 22 13 24718.89 7.200e-04 8.471e-04 6.840e-04 8.471e-04 1.695e-01 3.36e+01 1.33e+00 2 1.69e+01
# ...
pr: BESTCODE MTX NR NC NNZ NRHS TYPE SYM TRANS NT AT-NT AT-MKL-NT BPNZ AT-BPNZ NSUBM AT-SUBM RSBBEST-MFLOPS OPTIME MKL-OPTIME AT-OPTIME AT-MKL-OPTIME AT-TIME RWminBW-GBps CB-bpf AT-MS CMFLOPS
pr:    1:m_m  check1-mtx-000 49152 49152 2113536 1 Z G N  4  4  4 2.3721 2.2791 22 10 14577.29 1.274e-03 9.980e-04 1.160e-03 9.980e-04 2.345e-01 3.53e+01 2.38e+00 3 1.69e+01
pr:    2:R_R  check1-mtx-000 49152 49152 2113536 1 Z G T  4  4  4 2.3721 2.3024 22 13 15682.99 1.156e-03 1.381e-03 1.078e-03 1.381e-03 2.157e-01 3.81e+01 2.38e+00 2 1.69e+01
# ...
pr: BESTCODE MTX NR NC NNZ NRHS TYPE SYM TRANS NT AT-NT AT-MKL-NT BPNZ AT-BPNZ NSUBM AT-SUBM RSBBEST-MFLOPS OPTIME MKL-OPTIME AT-OPTIME AT-MKL-OPTIME AT-TIME RWminBW-GBps CB-bpf AT-MS CMFLOPS
pr:    3:m_m  check1-mtx-000 49152 49152 2113536 1 C G N  4  4  4 2.3721 2.3024 22 13 17043.62 1.079e-03 5.229e-04 9.921e-04 5.229e-04 1.949e-01 2.31e+01 1.33e+00 2 1.69e+01
pr:    4:R_R  check1-mtx-000 49152 49152 2113536 1 C G T  4  4  4 2.3721 2.3024 22 13 24718.89 7.200e-04 8.471e-04 6.840e-04 8.471e-04 1.695e-01 3.36e+01 1.33e+00 2 1.69e+01
# ...
pr: BESTCODE MTX NR NC NNZ NRHS TYPE SYM TRANS NT AT-NT AT-MKL-NT BPNZ AT-BPNZ NSUBM AT-SUBM RSBBEST-MFLOPS OPTIME MKL-OPTIME AT-OPTIME AT-MKL-OPTIME AT-TIME RWminBW-GBps CB-bpf AT-MS CMFLOPS
pr:    1:m_m  check1-mtx-000 49152 49152 2113536 1 Z G N  4  4  4 2.3721 2.2791 22 10 14577.29 1.274e-03 9.980e-04 1.160e-03 9.980e-04 2.345e-01 3.53e+01 2.38e+00 3 1.69e+01
pr:    3:m_m  check1-mtx-000 49152 49152 2113536 1 C G N  4  4  4 2.3721 2.3024 22 13 17043.62 1.079e-03 5.229e-04 9.921e-04 5.229e-04 1.949e-01 2.31e+01 1.33e+00 2 1.69e+01
# ...
pr: BESTCODE MTX NR NC NNZ NRHS TYPE SYM TRANS NT AT-NT AT-MKL-NT BPNZ AT-BPNZ NSUBM AT-SUBM RSBBEST-MFLOPS OPTIME MKL-OPTIME AT-OPTIME AT-MKL-OPTIME AT-TIME RWminBW-GBps CB-bpf AT-MS CMFLOPS
pr:    2:R_R  check1-mtx-000 49152 49152 2113536 1 Z G T  4  4  4 2.3721 2.3024 22 13 15682.99 1.156e-03 1.381e-03 1.078e-03 1.381e-03 2.157e-01 3.81e+01 2.38e+00 2 1.69e+01
pr:    4:R_R  check1-mtx-000 49152 49152 2113536 1 C G T  4  4  4 2.3721 2.3024 22 13 24718.89 7.200e-04 8.471e-04 6.840e-04 8.471e-04 1.695e-01 3.36e+01 1.33e+00 2 1.69e+01
# ...
